19:29:26 [INFO] Starting Regime IV (Directed motion + elongation)
19:29:26 [INFO]   Grid : 512 x 512
19:29:26 [INFO]   t_final: 300.0
19:29:26 [INFO]   dt   : 0.001
19:29:26 [INFO]   save_interval: 3000
19:29:26 [INFO]   k_p  : 0.25
19:29:26 [INFO]   c-(0): 3.6
15:47:11 [INFO] Starting Regime IV (Directed motion + elongation)
15:47:11 [INFO]   Grid : 512 x 512
15:47:11 [INFO]   t_final: 300.0
15:47:11 [INFO]   dt   : 0.001
15:47:11 [INFO]   save_interval: 3000
15:47:11 [INFO]   k_p  : 0.25
15:47:11 [INFO]   c-(0): 3.6
21:38:49 [INFO] Simulation complete in 351.6 min (21098 s)
21:38:49 [INFO] Classified as Regime I
21:38:49 [INFO] Results saved → /rds/general/user/aak223/home/rna_results/regime_IV_results.npz
21:53:58 [INFO] Starting Regime IV (Directed motion + elongation)
21:53:58 [INFO]   Grid : 512 x 512
21:53:58 [INFO]   t_final: 300.0
21:53:58 [INFO]   dt   : 5.6843418860808015e-05
21:53:58 [INFO]   save_interval: 52776
21:53:58 [INFO]   k_p  : 0.25
21:53:58 [INFO]   c-(0): 3.6
07:07:34 [INFO] Starting Regime IV (Directed motion + elongation)
07:07:34 [INFO]   Grid : 256 x 256
07:07:34 [INFO]   t_final: 300.0
07:07:34 [INFO]   dt   : 0.0009094947017729282
07:07:34 [INFO]   save_interval: 3298
07:07:34 [INFO]   k_p  : 0.25
07:07:34 [INFO]   c-(0): 3.6
08:57:55 [INFO] Simulation complete in 110.4 min (6621 s)
08:57:55 [INFO] Classified as Regime I
08:58:28 [INFO] Results saved → /rds/general/user/aak223/home/rna_results/regime_IV_results.npz
